nohup: ignoring input
[I 2024-06-02 17:01:27,754] A new study created in memory with name: no-name-01ff0c6e-fd33-411f-8c18-326cbc8a8eaf
/homes/hp921/y3finalproject/models/vanilla/KDD_tunehyper.py:96: FutureWarning: suggest_loguniform has been deprecated in v3.0.0. This feature will be removed in v6.0.0. See https://github.com/optuna/optuna/releases/tag/v3.0.0. Use suggest_float(..., log=True) instead.
  learning_rate_G = trial.suggest_loguniform('learning_rate_G', 1e-5, 1e-2)
/homes/hp921/y3finalproject/models/vanilla/KDD_tunehyper.py:97: FutureWarning: suggest_loguniform has been deprecated in v3.0.0. This feature will be removed in v6.0.0. See https://github.com/optuna/optuna/releases/tag/v3.0.0. Use suggest_float(..., log=True) instead.
  learning_rate_D = trial.suggest_loguniform('learning_rate_D', 1e-5, 1e-2)
[I 2024-06-02 17:07:12,800] Trial 0 finished with value: 4.916394233703613 and parameters: {'latent_dim': 60, 'learning_rate_G': 7.868512065033403e-05, 'learning_rate_D': 0.009413139227909071}. Best is trial 0 with value: 4.916394233703613.
[I 2024-06-02 17:14:08,652] Trial 1 finished with value: 2.945852756500244 and parameters: {'latent_dim': 164, 'learning_rate_G': 0.00020371076885920255, 'learning_rate_D': 0.006678694400816391}. Best is trial 1 with value: 2.945852756500244.
[I 2024-06-02 17:20:53,881] Trial 2 finished with value: 21.173900604248047 and parameters: {'latent_dim': 197, 'learning_rate_G': 0.00946825820075402, 'learning_rate_D': 0.003844295029150688}. Best is trial 1 with value: 2.945852756500244.
[I 2024-06-02 17:28:08,635] Trial 3 finished with value: 3.713167905807495 and parameters: {'latent_dim': 130, 'learning_rate_G': 0.00040224435628299194, 'learning_rate_D': 0.003791708112404594}. Best is trial 1 with value: 2.945852756500244.
[I 2024-06-02 17:35:13,704] Trial 4 finished with value: 1.8044040203094482 and parameters: {'latent_dim': 145, 'learning_rate_G': 2.095089653748032e-05, 'learning_rate_D': 2.985836415057037e-05}. Best is trial 4 with value: 1.8044040203094482.
[I 2024-06-02 17:41:33,118] Trial 5 finished with value: 4.957776069641113 and parameters: {'latent_dim': 153, 'learning_rate_G': 5.0052594824140194e-05, 'learning_rate_D': 0.0025678975599599326}. Best is trial 4 with value: 1.8044040203094482.
[I 2024-06-02 17:47:25,366] Trial 6 finished with value: 1.4180419445037842 and parameters: {'latent_dim': 84, 'learning_rate_G': 4.2474735113351356e-05, 'learning_rate_D': 0.0001582498995867111}. Best is trial 6 with value: 1.4180419445037842.
[I 2024-06-02 17:53:09,143] Trial 7 finished with value: 11.495177268981934 and parameters: {'latent_dim': 68, 'learning_rate_G': 0.004425378725434947, 'learning_rate_D': 0.0002842851300330513}. Best is trial 6 with value: 1.4180419445037842.
[I 2024-06-02 17:58:52,307] Trial 8 finished with value: 1.1045615673065186 and parameters: {'latent_dim': 93, 'learning_rate_G': 0.0019453791482541166, 'learning_rate_D': 1.7687639983821565e-05}. Best is trial 8 with value: 1.1045615673065186.
[I 2024-06-02 18:04:39,831] Trial 9 finished with value: 1.6342439651489258 and parameters: {'latent_dim': 120, 'learning_rate_G': 0.00310198557475391, 'learning_rate_D': 0.0004925232668536939}. Best is trial 8 with value: 1.1045615673065186.
[I 2024-06-02 18:10:22,236] Trial 10 finished with value: 1.5479505062103271 and parameters: {'latent_dim': 98, 'learning_rate_G': 0.001338511076483649, 'learning_rate_D': 1.3095093312066798e-05}. Best is trial 8 with value: 1.1045615673065186.
[I 2024-06-02 18:16:10,987] Trial 11 finished with value: 1.11299729347229 and parameters: {'latent_dim': 90, 'learning_rate_G': 0.0005689262770206708, 'learning_rate_D': 7.786862926931856e-05}. Best is trial 8 with value: 1.1045615673065186.
[I 2024-06-02 18:21:57,055] Trial 12 finished with value: 1.0731266736984253 and parameters: {'latent_dim': 102, 'learning_rate_G': 0.0006583555393528407, 'learning_rate_D': 5.058474055477162e-05}. Best is trial 12 with value: 1.0731266736984253.
[I 2024-06-02 18:27:49,292] Trial 13 finished with value: 1.7074894905090332 and parameters: {'latent_dim': 112, 'learning_rate_G': 0.0018111919091509411, 'learning_rate_D': 1.3056658849747739e-05}. Best is trial 12 with value: 1.0731266736984253.
[I 2024-06-02 18:33:37,533] Trial 14 finished with value: 1.0082277059555054 and parameters: {'latent_dim': 76, 'learning_rate_G': 0.0008614867655382943, 'learning_rate_D': 4.032045351608014e-05}. Best is trial 14 with value: 1.0082277059555054.
[I 2024-06-02 18:39:23,666] Trial 15 finished with value: 1.4168909788131714 and parameters: {'latent_dim': 54, 'learning_rate_G': 0.00017242529547256919, 'learning_rate_D': 5.126315737377557e-05}. Best is trial 14 with value: 1.0082277059555054.
[I 2024-06-02 18:45:11,910] Trial 16 finished with value: 1.03692626953125 and parameters: {'latent_dim': 71, 'learning_rate_G': 0.0006886389746647482, 'learning_rate_D': 0.000772255018997707}. Best is trial 14 with value: 1.0082277059555054.
[I 2024-06-02 18:50:58,841] Trial 17 finished with value: 1.167006254196167 and parameters: {'latent_dim': 69, 'learning_rate_G': 0.0009307201101494009, 'learning_rate_D': 0.001186458276187531}. Best is trial 14 with value: 1.0082277059555054.
[I 2024-06-02 18:56:39,383] Trial 18 finished with value: 1.192446231842041 and parameters: {'latent_dim': 79, 'learning_rate_G': 0.00022913060198716335, 'learning_rate_D': 0.0008416096850513384}. Best is trial 14 with value: 1.0082277059555054.
[I 2024-06-02 19:02:25,482] Trial 19 finished with value: 1.5003472566604614 and parameters: {'latent_dim': 51, 'learning_rate_G': 0.00010986426445866931, 'learning_rate_D': 0.00013373603801403695}. Best is trial 14 with value: 1.0082277059555054.
[I 2024-06-02 19:08:13,977] Trial 20 finished with value: 21.808055877685547 and parameters: {'latent_dim': 76, 'learning_rate_G': 0.006167347217945547, 'learning_rate_D': 0.0012673571585634451}. Best is trial 14 with value: 1.0082277059555054.
[I 2024-06-02 19:13:56,818] Trial 21 finished with value: 1.0117385387420654 and parameters: {'latent_dim': 105, 'learning_rate_G': 0.0006663785022394396, 'learning_rate_D': 3.887310857356716e-05}. Best is trial 14 with value: 1.0082277059555054.
[I 2024-06-02 19:19:42,912] Trial 22 finished with value: 1.6707029342651367 and parameters: {'latent_dim': 110, 'learning_rate_G': 0.0008952140990418101, 'learning_rate_D': 0.0003186971971287692}. Best is trial 14 with value: 1.0082277059555054.
[I 2024-06-02 19:25:35,572] Trial 23 finished with value: 1.325483798980713 and parameters: {'latent_dim': 131, 'learning_rate_G': 0.0004779641861806942, 'learning_rate_D': 0.00014531624854698954}. Best is trial 14 with value: 1.0082277059555054.
[I 2024-06-02 19:31:20,684] Trial 24 finished with value: 1.124251127243042 and parameters: {'latent_dim': 65, 'learning_rate_G': 0.00027711187854082247, 'learning_rate_D': 2.5936040858265925e-05}. Best is trial 14 with value: 1.0082277059555054.
[I 2024-06-02 19:37:03,439] Trial 25 finished with value: 1.9699443578720093 and parameters: {'latent_dim': 81, 'learning_rate_G': 0.0025884652130714904, 'learning_rate_D': 5.8848823654102804e-05}. Best is trial 14 with value: 1.0082277059555054.
[I 2024-06-02 19:42:50,109] Trial 26 finished with value: 1.5263671875 and parameters: {'latent_dim': 102, 'learning_rate_G': 0.0011510459071050964, 'learning_rate_D': 9.430167600598579e-05}. Best is trial 14 with value: 1.0082277059555054.
[I 2024-06-02 19:48:39,325] Trial 27 finished with value: 1.0874483585357666 and parameters: {'latent_dim': 116, 'learning_rate_G': 0.0004001438643522053, 'learning_rate_D': 2.959993214953998e-05}. Best is trial 14 with value: 1.0082277059555054.
[I 2024-06-02 19:54:24,846] Trial 28 finished with value: 1.087829828262329 and parameters: {'latent_dim': 89, 'learning_rate_G': 0.0007367879586261723, 'learning_rate_D': 0.00024246216107342224}. Best is trial 14 with value: 1.0082277059555054.
[I 2024-06-02 20:00:08,125] Trial 29 finished with value: 1.3531795740127563 and parameters: {'latent_dim': 62, 'learning_rate_G': 0.000127305827100131, 'learning_rate_D': 0.0005176634910121159}. Best is trial 14 with value: 1.0082277059555054.
[I 2024-06-02 20:05:53,245] Trial 30 finished with value: 4.372756004333496 and parameters: {'latent_dim': 72, 'learning_rate_G': 1.026839979343378e-05, 'learning_rate_D': 0.0005734314081791215}. Best is trial 14 with value: 1.0082277059555054.
[I 2024-06-02 20:11:37,197] Trial 31 finished with value: 1.279109001159668 and parameters: {'latent_dim': 103, 'learning_rate_G': 0.0014441432743407768, 'learning_rate_D': 4.4552877653952094e-05}. Best is trial 14 with value: 1.0082277059555054.
[I 2024-06-02 20:17:26,396] Trial 32 finished with value: 1.140911340713501 and parameters: {'latent_dim': 106, 'learning_rate_G': 0.000647516737049365, 'learning_rate_D': 3.9859622671115765e-05}. Best is trial 14 with value: 1.0082277059555054.
[I 2024-06-02 20:23:09,730] Trial 33 finished with value: 2.333611488342285 and parameters: {'latent_dim': 94, 'learning_rate_G': 0.0002808082219552485, 'learning_rate_D': 1.0038195322794603e-05}. Best is trial 14 with value: 1.0082277059555054.
[I 2024-06-02 20:28:56,074] Trial 34 finished with value: 1.1764860153198242 and parameters: {'latent_dim': 177, 'learning_rate_G': 0.0003857484449709877, 'learning_rate_D': 8.369132674925986e-05}. Best is trial 14 with value: 1.0082277059555054.
[I 2024-06-02 20:34:50,698] Trial 35 finished with value: 1.2806546688079834 and parameters: {'latent_dim': 128, 'learning_rate_G': 0.0006306934836963436, 'learning_rate_D': 3.035356575691825e-05}. Best is trial 14 with value: 1.0082277059555054.
[I 2024-06-02 20:40:38,827] Trial 36 finished with value: 6.839129447937012 and parameters: {'latent_dim': 145, 'learning_rate_G': 0.0027483847088596498, 'learning_rate_D': 1.9827394128785525e-05}. Best is trial 14 with value: 1.0082277059555054.
[I 2024-06-02 20:46:31,235] Trial 37 finished with value: 2.3921430110931396 and parameters: {'latent_dim': 199, 'learning_rate_G': 0.0010474071572321119, 'learning_rate_D': 0.002239102170030805}. Best is trial 14 with value: 1.0082277059555054.
[I 2024-06-02 20:52:12,984] Trial 38 finished with value: 1.4819462299346924 and parameters: {'latent_dim': 85, 'learning_rate_G': 0.00016488469486444592, 'learning_rate_D': 0.00019708224335812188}. Best is trial 14 with value: 1.0082277059555054.
[I 2024-06-02 20:57:49,773] Trial 39 finished with value: 1.3165040016174316 and parameters: {'latent_dim': 56, 'learning_rate_G': 8.433739661456597e-05, 'learning_rate_D': 6.965609063840985e-05}. Best is trial 14 with value: 1.0082277059555054.
[I 2024-06-02 21:03:37,137] Trial 40 finished with value: 1.30048406124115 and parameters: {'latent_dim': 136, 'learning_rate_G': 0.0018372111982072185, 'learning_rate_D': 0.0001075980381179454}. Best is trial 14 with value: 1.0082277059555054.
[I 2024-06-02 21:09:22,938] Trial 41 finished with value: 1.275416374206543 and parameters: {'latent_dim': 116, 'learning_rate_G': 0.00042192460760391223, 'learning_rate_D': 3.4590635250216246e-05}. Best is trial 14 with value: 1.0082277059555054.
[I 2024-06-02 21:15:11,351] Trial 42 finished with value: 1.1341009140014648 and parameters: {'latent_dim': 119, 'learning_rate_G': 0.00036689599296368795, 'learning_rate_D': 2.650805510582919e-05}. Best is trial 14 with value: 1.0082277059555054.
[I 2024-06-02 21:21:00,227] Trial 43 finished with value: 1.2541134357452393 and parameters: {'latent_dim': 98, 'learning_rate_G': 0.0007781991998759365, 'learning_rate_D': 1.929177404552472e-05}. Best is trial 14 with value: 1.0082277059555054.
[I 2024-06-02 21:26:39,469] Trial 44 finished with value: 1.2019693851470947 and parameters: {'latent_dim': 139, 'learning_rate_G': 0.00046709665722343324, 'learning_rate_D': 4.8194465586851245e-05}. Best is trial 14 with value: 1.0082277059555054.
[I 2024-06-02 21:32:28,978] Trial 45 finished with value: 1.274390459060669 and parameters: {'latent_dim': 162, 'learning_rate_G': 0.0003085522567301787, 'learning_rate_D': 2.2328802155400782e-05}. Best is trial 14 with value: 1.0082277059555054.
[I 2024-06-02 21:38:21,620] Trial 46 finished with value: 1.6197528839111328 and parameters: {'latent_dim': 123, 'learning_rate_G': 0.00151683821073106, 'learning_rate_D': 1.590264716307295e-05}. Best is trial 14 with value: 1.0082277059555054.
[I 2024-06-02 21:44:08,740] Trial 47 finished with value: 3.738168716430664 and parameters: {'latent_dim': 112, 'learning_rate_G': 0.0005415477390062336, 'learning_rate_D': 0.008208116199856091}. Best is trial 14 with value: 1.0082277059555054.
[I 2024-06-02 21:49:51,134] Trial 48 finished with value: 1.1778333187103271 and parameters: {'latent_dim': 75, 'learning_rate_G': 0.0002105590303715158, 'learning_rate_D': 0.00039571969472001285}. Best is trial 14 with value: 1.0082277059555054.
[I 2024-06-02 21:55:36,528] Trial 49 finished with value: 9.186015129089355 and parameters: {'latent_dim': 84, 'learning_rate_G': 0.0038994509024597866, 'learning_rate_D': 5.850267237353501e-05}. Best is trial 14 with value: 1.0082277059555054.
Best trial:
  Value: 1.0082277059555054
  Params: 
    latent_dim: 76
    learning_rate_G: 0.0008614867655382943
    learning_rate_D: 4.032045351608014e-05
